  [1m[35m (292.5ms)[0m  [1m[35mCREATE DATABASE "rails_flex_app_development" ENCODING = 'unicode'[0m
  ↳ bin/rails:9
  [1m[35m (90.6ms)[0m  [1m[35mCREATE DATABASE "rails_flex_app_test" ENCODING = 'unicode'[0m
  ↳ bin/rails:9
  [1m[35m (42.4ms)[0m  [1m[35mCREATE TABLE "schema_migrations" ("version" character varying NOT NULL PRIMARY KEY)[0m
  ↳ bin/rails:9
  [1m[35m (4.6ms)[0m  [1m[35mCREATE TABLE "ar_internal_metadata" ("key" character varying NOT NULL PRIMARY KEY, "value" character varying, "created_at" timestamp NOT NULL, "updated_at" timestamp NOT NULL)[0m
  ↳ bin/rails:9
  [1m[35m (0.5ms)[0m  [1m[34mSELECT pg_try_advisory_lock(8318052970089030315)[0m
  ↳ bin/rails:9
  [1m[35m (0.7ms)[0m  [1m[34mSELECT "schema_migrations"."version" FROM "schema_migrations" ORDER BY "schema_migrations"."version" ASC[0m
  ↳ bin/rails:9
Migrating to CreateUsers (20201230010857)
  [1m[35m (0.1ms)[0m  [1m[35mBEGIN[0m
  ↳ bin/rails:9
  [1m[35m (7.5ms)[0m  [1m[35mCREATE TABLE "users" ("id" bigserial primary key, "age" integer, "email" character varying NOT NULL, "username" character varying NOT NULL, "is_cool?" boolean DEFAULT TRUE, "created_at" timestamp NOT NULL, "updated_at" timestamp NOT NULL)[0m
  ↳ db/migrate/20201230010857_create_users.rb:3
  [1m[35m (1.2ms)[0m  [1m[35mCREATE UNIQUE INDEX  "index_users_on_username" ON "users"  ("username")[0m
  ↳ db/migrate/20201230010857_create_users.rb:11
  [1m[36mActiveRecord::SchemaMigration Create (0.5ms)[0m  [1m[32mINSERT INTO "schema_migrations" ("version") VALUES ($1) RETURNING "version"[0m  [["version", "20201230010857"]]
  ↳ bin/rails:9
  [1m[35m (1.1ms)[0m  [1m[35mCOMMIT[0m
  ↳ bin/rails:9
  [1m[36mActiveRecord::InternalMetadata Load (0.5ms)[0m  [1m[34mSELECT  "ar_internal_metadata".* FROM "ar_internal_metadata" WHERE "ar_internal_metadata"."key" = $1 LIMIT $2[0m  [["key", "environment"], ["LIMIT", 1]]
  ↳ bin/rails:9
  [1m[35m (0.1ms)[0m  [1m[35mBEGIN[0m
  ↳ bin/rails:9
  [1m[36mActiveRecord::InternalMetadata Create (0.5ms)[0m  [1m[32mINSERT INTO "ar_internal_metadata" ("key", "value", "created_at", "updated_at") VALUES ($1, $2, $3, $4) RETURNING "key"[0m  [["key", "environment"], ["value", "development"], ["created_at", "2020-12-30 01:10:46.410353"], ["updated_at", "2020-12-30 01:10:46.410353"]]
  ↳ bin/rails:9
  [1m[35m (0.5ms)[0m  [1m[35mCOMMIT[0m
  ↳ bin/rails:9
  [1m[35m (0.6ms)[0m  [1m[34mSELECT pg_advisory_unlock(8318052970089030315)[0m
  ↳ bin/rails:9
  [1m[35m (0.4ms)[0m  [1m[34mSELECT "schema_migrations"."version" FROM "schema_migrations" ORDER BY "schema_migrations"."version" ASC[0m
  ↳ bin/rails:9
Started GET "/users/1" for ::1 at 2020-12-29 17:29:15 -0800
  [1m[35m (0.9ms)[0m  [1m[34mSELECT "schema_migrations"."version" FROM "schema_migrations" ORDER BY "schema_migrations"."version" ASC[0m
  ↳ /Users/erikelliott/.rbenv/versions/2.5.1/lib/ruby/gems/2.5.0/gems/activerecord-5.2.4.4/lib/active_record/log_subscriber.rb:98
  
SyntaxError (/Users/erikelliott/Desktop/flex_nov_2020/rails/rails_flex_app/app/controllers/users_controller.rb:6: syntax error, unexpected tIDENTIFIER, expecting ':'
        render json: users
        ^~~~~~):
  
app/controllers/users_controller.rb:6: syntax error, unexpected tIDENTIFIER, expecting ':'
Started GET "/users/1" for ::1 at 2020-12-29 17:29:32 -0800
Processing by UsersController#show as */*
  Parameters: {"id"=>"1"}
  [1m[36mUser Load (2.0ms)[0m  [1m[34mSELECT  "users".* FROM "users" WHERE "users"."id" = $1 LIMIT $2[0m  [["id", 1], ["LIMIT", 1]]
  ↳ app/controllers/users_controller.rb:11
No template found for UsersController#show, rendering head :no_content
Completed 204 No Content in 34963ms (ActiveRecord: 4.2ms)


Started GET "/users" for ::1 at 2020-12-29 17:30:15 -0800
Processing by UsersController#index as */*
  [1m[36mUser Load (0.4ms)[0m  [1m[34mSELECT "users".* FROM "users"[0m
  ↳ app/controllers/users_controller.rb:6
Completed 200 OK in 19884ms (Views: 1.4ms | ActiveRecord: 0.4ms)


Started GET "/users/banana" for ::1 at 2020-12-29 17:32:47 -0800
Processing by UsersController#show as */*
  Parameters: {"id"=>"banana"}
  [1m[36mUser Load (0.6ms)[0m  [1m[34mSELECT  "users".* FROM "users" WHERE "users"."id" = $1 LIMIT $2[0m  [["id", 0], ["LIMIT", 1]]
  ↳ app/controllers/users_controller.rb:11
No template found for UsersController#show, rendering head :no_content
Completed 204 No Content in 71327ms (ActiveRecord: 0.6ms)


Started GET "/users/2?fav_food=burrito&fav_color=blue" for ::1 at 2020-12-29 17:35:04 -0800
Processing by UsersController#show as */*
  Parameters: {"fav_food"=>"burrito", "fav_color"=>"blue", "id"=>"2"}
  [1m[36mUser Load (0.4ms)[0m  [1m[34mSELECT  "users".* FROM "users" WHERE "users"."id" = $1 LIMIT $2[0m  [["id", 2], ["LIMIT", 1]]
  ↳ app/controllers/users_controller.rb:11
No template found for UsersController#show, rendering head :no_content
Completed 204 No Content in 15896ms (ActiveRecord: 0.4ms)


Started POST "/users?fav_food=burrito&fav_color=blue" for ::1 at 2020-12-29 17:36:33 -0800
Processing by UsersController#create as */*
  Parameters: {"age"=>"49", "dog"=>"fido", "fav_food"=>"burrito", "fav_color"=>"blue"}
Can't verify CSRF token authenticity.
Completed 422 Unprocessable Entity in 1ms (ActiveRecord: 0.0ms)


  
ActionController::InvalidAuthenticityToken (ActionController::InvalidAuthenticityToken):
  
actionpack (5.2.4.4) lib/action_controller/metal/request_forgery_protection.rb:211:in `handle_unverified_request'
actionpack (5.2.4.4) lib/action_controller/metal/request_forgery_protection.rb:243:in `handle_unverified_request'
actionpack (5.2.4.4) lib/action_controller/metal/request_forgery_protection.rb:238:in `verify_authenticity_token'
activesupport (5.2.4.4) lib/active_support/callbacks.rb:426:in `block in make_lambda'
activesupport (5.2.4.4) lib/active_support/callbacks.rb:198:in `block (2 levels) in halting'
actionpack (5.2.4.4) lib/abstract_controller/callbacks.rb:34:in `block (2 levels) in <module:Callbacks>'
activesupport (5.2.4.4) lib/active_support/callbacks.rb:199:in `block in halting'
activesupport (5.2.4.4) lib/active_support/callbacks.rb:513:in `block in invoke_before'
activesupport (5.2.4.4) lib/active_support/callbacks.rb:513:in `each'
activesupport (5.2.4.4) lib/active_support/callbacks.rb:513:in `invoke_before'
activesupport (5.2.4.4) lib/active_support/callbacks.rb:131:in `run_callbacks'
actionpack (5.2.4.4) lib/abstract_controller/callbacks.rb:41:in `process_action'
actionpack (5.2.4.4) lib/action_controller/metal/rescue.rb:22:in `process_action'
actionpack (5.2.4.4) lib/action_controller/metal/instrumentation.rb:34:in `block in process_action'
activesupport (5.2.4.4) lib/active_support/notifications.rb:168:in `block in instrument'
activesupport (5.2.4.4) lib/active_support/notifications/instrumenter.rb:23:in `instrument'
activesupport (5.2.4.4) lib/active_support/notifications.rb:168:in `instrument'
actionpack (5.2.4.4) lib/action_controller/metal/instrumentation.rb:32:in `process_action'
actionpack (5.2.4.4) lib/action_controller/metal/params_wrapper.rb:256:in `process_action'
activerecord (5.2.4.4) lib/active_record/railties/controller_runtime.rb:24:in `process_action'
actionpack (5.2.4.4) lib/abstract_controller/base.rb:134:in `process'
actionview (5.2.4.4) lib/action_view/rendering.rb:32:in `process'
actionpack (5.2.4.4) lib/action_controller/metal.rb:191:in `dispatch'
actionpack (5.2.4.4) lib/action_controller/metal.rb:252:in `dispatch'
actionpack (5.2.4.4) lib/action_dispatch/routing/route_set.rb:52:in `dispatch'
actionpack (5.2.4.4) lib/action_dispatch/routing/route_set.rb:34:in `serve'
actionpack (5.2.4.4) lib/action_dispatch/journey/router.rb:52:in `block in serve'
actionpack (5.2.4.4) lib/action_dispatch/journey/router.rb:35:in `each'
actionpack (5.2.4.4) lib/action_dispatch/journey/router.rb:35:in `serve'
actionpack (5.2.4.4) lib/action_dispatch/routing/route_set.rb:840:in `call'
rack (2.2.3) lib/rack/tempfile_reaper.rb:15:in `call'
rack (2.2.3) lib/rack/etag.rb:27:in `call'
rack (2.2.3) lib/rack/conditional_get.rb:40:in `call'
rack (2.2.3) lib/rack/head.rb:12:in `call'
actionpack (5.2.4.4) lib/action_dispatch/http/content_security_policy.rb:18:in `call'
rack (2.2.3) lib/rack/session/abstract/id.rb:266:in `context'
rack (2.2.3) lib/rack/session/abstract/id.rb:260:in `call'
actionpack (5.2.4.4) lib/action_dispatch/middleware/cookies.rb:670:in `call'
activerecord (5.2.4.4) lib/active_record/migration.rb:559:in `call'
actionpack (5.2.4.4) lib/action_dispatch/middleware/callbacks.rb:28:in `block in call'
activesupport (5.2.4.4) lib/active_support/callbacks.rb:98:in `run_callbacks'
actionpack (5.2.4.4) lib/action_dispatch/middleware/callbacks.rb:26:in `call'
actionpack (5.2.4.4) lib/action_dispatch/middleware/executor.rb:14:in `call'
actionpack (5.2.4.4) lib/action_dispatch/middleware/debug_exceptions.rb:61:in `call'
web-console (3.7.0) lib/web_console/middleware.rb:135:in `call_app'
web-console (3.7.0) lib/web_console/middleware.rb:30:in `block in call'
web-console (3.7.0) lib/web_console/middleware.rb:20:in `catch'
web-console (3.7.0) lib/web_console/middleware.rb:20:in `call'
actionpack (5.2.4.4) lib/action_dispatch/middleware/show_exceptions.rb:33:in `call'
railties (5.2.4.4) lib/rails/rack/logger.rb:38:in `call_app'
railties (5.2.4.4) lib/rails/rack/logger.rb:26:in `block in call'
activesupport (5.2.4.4) lib/active_support/tagged_logging.rb:71:in `block in tagged'
activesupport (5.2.4.4) lib/active_support/tagged_logging.rb:28:in `tagged'
activesupport (5.2.4.4) lib/active_support/tagged_logging.rb:71:in `tagged'
railties (5.2.4.4) lib/rails/rack/logger.rb:26:in `call'
sprockets-rails (3.2.2) lib/sprockets/rails/quiet_assets.rb:13:in `call'
actionpack (5.2.4.4) lib/action_dispatch/middleware/remote_ip.rb:81:in `call'
actionpack (5.2.4.4) lib/action_dispatch/middleware/request_id.rb:27:in `call'
rack (2.2.3) lib/rack/method_override.rb:24:in `call'
rack (2.2.3) lib/rack/runtime.rb:22:in `call'
activesupport (5.2.4.4) lib/active_support/cache/strategy/local_cache_middleware.rb:29:in `call'
actionpack (5.2.4.4) lib/action_dispatch/middleware/executor.rb:14:in `call'
actionpack (5.2.4.4) lib/action_dispatch/middleware/static.rb:127:in `call'
rack (2.2.3) lib/rack/sendfile.rb:110:in `call'
railties (5.2.4.4) lib/rails/engine.rb:524:in `call'
puma (3.12.6) lib/puma/configuration.rb:227:in `call'
puma (3.12.6) lib/puma/server.rb:706:in `handle_request'
puma (3.12.6) lib/puma/server.rb:476:in `process_client'
puma (3.12.6) lib/puma/server.rb:334:in `block in run'
puma (3.12.6) lib/puma/thread_pool.rb:135:in `block in spawn_thread'
Started POST "/users?fav_food=burrito&fav_color=blue" for ::1 at 2020-12-29 17:37:10 -0800
Processing by UsersController#create as */*
  Parameters: {"age"=>"49", "dog"=>"fido", "fav_food"=>"burrito", "fav_color"=>"blue"}
No template found for UsersController#create, rendering head :no_content
Completed 204 No Content in 23347ms (ActiveRecord: 0.0ms)


Started POST "/users" for ::1 at 2020-12-29 17:37:41 -0800
Processing by UsersController#create as */*
  Parameters: {"age"=>"49", "dog"=>"fido"}
No template found for UsersController#create, rendering head :no_content
Completed 204 No Content in 41445ms (ActiveRecord: 0.0ms)


Started POST "/users" for ::1 at 2020-12-30 17:08:50 -0800
  [1m[35m (24.8ms)[0m  [1m[34mSELECT "schema_migrations"."version" FROM "schema_migrations" ORDER BY "schema_migrations"."version" ASC[0m
  ↳ /Users/erikelliott/.rbenv/versions/2.5.1/lib/ruby/gems/2.5.0/gems/activerecord-5.2.4.4/lib/active_record/log_subscriber.rb:98
Processing by UsersController#create as */*
  Parameters: {"age"=>"49", "dog"=>"fido", "username"=>"hulk", "email"=>"green@aa.io"}
No template found for UsersController#create, rendering head :no_content
Completed 204 No Content in 51459ms (ActiveRecord: 0.0ms)


Started POST "/users" for ::1 at 2020-12-30 17:10:25 -0800
Processing by UsersController#create as */*
  Parameters: {"user"=>{"age"=>"49", "dog"=>"fido", "username"=>"hulk", "email"=>"green@aa.io"}}
Unpermitted parameter: :dog
No template found for UsersController#create, rendering head :no_content
Completed 204 No Content in 56228ms (ActiveRecord: 0.0ms)


Started POST "/users" for ::1 at 2020-12-30 17:11:47 -0800
Processing by UsersController#create as */*
  Parameters: {"users"=>{"age"=>"49"}, "user"=>{"dog"=>"fido", "username"=>"hulk", "email"=>"green@aa.io"}}
Unpermitted parameter: :dog
No template found for UsersController#create, rendering head :no_content
Completed 204 No Content in 23588ms (ActiveRecord: 0.0ms)


Started POST "/users" for ::1 at 2020-12-30 17:15:19 -0800
Processing by UsersController#create as */*
  Parameters: {"users"=>{"age"=>"49"}, "user"=>{"dog"=>"fido", "username"=>"hulk", "email"=>"green@aa.io"}}
Unpermitted parameter: :dog
  [1m[35m (0.2ms)[0m  [1m[35mBEGIN[0m
  ↳ app/controllers/users_controller.rb:17
  [1m[36mUser Create (7.1ms)[0m  [1m[32mINSERT INTO "users" ("email", "username", "created_at", "updated_at") VALUES ($1, $2, $3, $4) RETURNING "id"[0m  [["email", "green@aa.io"], ["username", "hulk"], ["created_at", "2020-12-31 01:15:19.448360"], ["updated_at", "2020-12-31 01:15:19.448360"]]
  ↳ app/controllers/users_controller.rb:17
  [1m[35m (0.9ms)[0m  [1m[35mCOMMIT[0m
  ↳ app/controllers/users_controller.rb:17
Completed 200 OK in 42ms (Views: 2.6ms | ActiveRecord: 25.4ms)


Started POST "/users" for ::1 at 2020-12-30 17:15:47 -0800
Processing by UsersController#create as */*
  Parameters: {"user"=>{"age"=>"49", "dog"=>"fido", "username"=>"hulk"}}
Unpermitted parameter: :dog
  [1m[35m (0.2ms)[0m  [1m[35mBEGIN[0m
  ↳ app/controllers/users_controller.rb:17
  [1m[35m (0.3ms)[0m  [1m[31mROLLBACK[0m
  ↳ app/controllers/users_controller.rb:17
Completed 422 Unprocessable Entity in 20ms (Views: 0.2ms | ActiveRecord: 0.4ms)


Started POST "/users" for ::1 at 2020-12-30 17:15:55 -0800
Processing by UsersController#create as */*
  Parameters: {"user"=>{"age"=>"49", "dog"=>"fido", "email"=>"green@aa.io"}}
Unpermitted parameter: :dog
  [1m[35m (0.3ms)[0m  [1m[35mBEGIN[0m
  ↳ app/controllers/users_controller.rb:17
  [1m[35m (0.2ms)[0m  [1m[31mROLLBACK[0m
  ↳ app/controllers/users_controller.rb:17
Completed 422 Unprocessable Entity in 5ms (Views: 0.4ms | ActiveRecord: 0.5ms)


Started GET "/users/1" for ::1 at 2020-12-30 17:21:51 -0800
Processing by UsersController#show as */*
  Parameters: {"user"=>{"age"=>"49", "dog"=>"fido", "email"=>"green@aa.io"}, "id"=>"1"}
  [1m[36mUser Load (1.0ms)[0m  [1m[34mSELECT  "users".* FROM "users" WHERE "users"."id" = $1 LIMIT $2[0m  [["id", 1], ["LIMIT", 1]]
  ↳ app/controllers/users_controller.rb:11
Completed 200 OK in 7671ms (Views: 0.6ms | ActiveRecord: 14.0ms)


Started PATCH "/users/3" for ::1 at 2020-12-30 17:22:18 -0800
  
AbstractController::ActionNotFound (The action 'update' could not be found for UsersController):
  
actionpack (5.2.4.4) lib/abstract_controller/base.rb:129:in `process'
actionview (5.2.4.4) lib/action_view/rendering.rb:32:in `process'
actionpack (5.2.4.4) lib/action_controller/metal.rb:191:in `dispatch'
actionpack (5.2.4.4) lib/action_controller/metal.rb:252:in `dispatch'
actionpack (5.2.4.4) lib/action_dispatch/routing/route_set.rb:52:in `dispatch'
actionpack (5.2.4.4) lib/action_dispatch/routing/route_set.rb:34:in `serve'
actionpack (5.2.4.4) lib/action_dispatch/journey/router.rb:52:in `block in serve'
actionpack (5.2.4.4) lib/action_dispatch/journey/router.rb:35:in `each'
actionpack (5.2.4.4) lib/action_dispatch/journey/router.rb:35:in `serve'
actionpack (5.2.4.4) lib/action_dispatch/routing/route_set.rb:840:in `call'
rack (2.2.3) lib/rack/tempfile_reaper.rb:15:in `call'
rack (2.2.3) lib/rack/etag.rb:27:in `call'
rack (2.2.3) lib/rack/conditional_get.rb:40:in `call'
rack (2.2.3) lib/rack/head.rb:12:in `call'
actionpack (5.2.4.4) lib/action_dispatch/http/content_security_policy.rb:18:in `call'
rack (2.2.3) lib/rack/session/abstract/id.rb:266:in `context'
rack (2.2.3) lib/rack/session/abstract/id.rb:260:in `call'
actionpack (5.2.4.4) lib/action_dispatch/middleware/cookies.rb:670:in `call'
activerecord (5.2.4.4) lib/active_record/migration.rb:559:in `call'
actionpack (5.2.4.4) lib/action_dispatch/middleware/callbacks.rb:28:in `block in call'
activesupport (5.2.4.4) lib/active_support/callbacks.rb:98:in `run_callbacks'
actionpack (5.2.4.4) lib/action_dispatch/middleware/callbacks.rb:26:in `call'
actionpack (5.2.4.4) lib/action_dispatch/middleware/executor.rb:14:in `call'
actionpack (5.2.4.4) lib/action_dispatch/middleware/debug_exceptions.rb:61:in `call'
web-console (3.7.0) lib/web_console/middleware.rb:135:in `call_app'
web-console (3.7.0) lib/web_console/middleware.rb:30:in `block in call'
web-console (3.7.0) lib/web_console/middleware.rb:20:in `catch'
web-console (3.7.0) lib/web_console/middleware.rb:20:in `call'
actionpack (5.2.4.4) lib/action_dispatch/middleware/show_exceptions.rb:33:in `call'
railties (5.2.4.4) lib/rails/rack/logger.rb:38:in `call_app'
railties (5.2.4.4) lib/rails/rack/logger.rb:26:in `block in call'
activesupport (5.2.4.4) lib/active_support/tagged_logging.rb:71:in `block in tagged'
activesupport (5.2.4.4) lib/active_support/tagged_logging.rb:28:in `tagged'
activesupport (5.2.4.4) lib/active_support/tagged_logging.rb:71:in `tagged'
railties (5.2.4.4) lib/rails/rack/logger.rb:26:in `call'
sprockets-rails (3.2.2) lib/sprockets/rails/quiet_assets.rb:13:in `call'
actionpack (5.2.4.4) lib/action_dispatch/middleware/remote_ip.rb:81:in `call'
actionpack (5.2.4.4) lib/action_dispatch/middleware/request_id.rb:27:in `call'
rack (2.2.3) lib/rack/method_override.rb:24:in `call'
rack (2.2.3) lib/rack/runtime.rb:22:in `call'
activesupport (5.2.4.4) lib/active_support/cache/strategy/local_cache_middleware.rb:29:in `call'
actionpack (5.2.4.4) lib/action_dispatch/middleware/executor.rb:14:in `call'
actionpack (5.2.4.4) lib/action_dispatch/middleware/static.rb:127:in `call'
rack (2.2.3) lib/rack/sendfile.rb:110:in `call'
railties (5.2.4.4) lib/rails/engine.rb:524:in `call'
puma (3.12.6) lib/puma/configuration.rb:227:in `call'
puma (3.12.6) lib/puma/server.rb:706:in `handle_request'
puma (3.12.6) lib/puma/server.rb:476:in `process_client'
puma (3.12.6) lib/puma/server.rb:334:in `block in run'
puma (3.12.6) lib/puma/thread_pool.rb:135:in `block in spawn_thread'
Started PATCH "/users/3" for ::1 at 2020-12-30 17:22:54 -0800
Processing by UsersController#update as */*
  Parameters: {"user"=>{"age"=>"49", "dog"=>"fido", "email"=>"green@aa.io"}, "id"=>"3"}
  [1m[36mUser Load (0.6ms)[0m  [1m[34mSELECT  "users".* FROM "users" WHERE "users"."id" = $1 LIMIT $2[0m  [["id", 3], ["LIMIT", 1]]
  ↳ app/controllers/users_controller.rb:25
Unpermitted parameter: :dog
Completed 500 Internal Server Error in 10ms (ActiveRecord: 2.8ms)


  
NoMethodError (undefined method `update' for nil:NilClass):
  
app/controllers/users_controller.rb:26:in `update'
Started PATCH "/users/1" for ::1 at 2020-12-30 17:24:26 -0800
Processing by UsersController#update as */*
  Parameters: {"user"=>{"age"=>"49", "dog"=>"fido", "email"=>"greenman@aa.io"}, "id"=>"1"}
  [1m[36mUser Load (0.4ms)[0m  [1m[34mSELECT  "users".* FROM "users" WHERE "users"."id" = $1 LIMIT $2[0m  [["id", 1], ["LIMIT", 1]]
  ↳ app/controllers/users_controller.rb:25
Unpermitted parameter: :dog
  [1m[35m (0.2ms)[0m  [1m[35mBEGIN[0m
  ↳ app/controllers/users_controller.rb:26
  [1m[36mUser Update (0.6ms)[0m  [1m[33mUPDATE "users" SET "age" = $1, "email" = $2, "updated_at" = $3 WHERE "users"."id" = $4[0m  [["age", 49], ["email", "greenman@aa.io"], ["updated_at", "2020-12-31 01:24:26.634962"], ["id", 1]]
  ↳ app/controllers/users_controller.rb:26
  [1m[35m (0.7ms)[0m  [1m[35mCOMMIT[0m
  ↳ app/controllers/users_controller.rb:26
Completed 200 OK in 23ms (Views: 0.5ms | ActiveRecord: 7.4ms)


Started PATCH "/users/1" for ::1 at 2020-12-30 17:24:40 -0800
Processing by UsersController#update as */*
  Parameters: {"user"=>{"age"=>"49", "dog"=>"fido", "email"=>"\"\""}, "id"=>"1"}
  [1m[36mUser Load (0.3ms)[0m  [1m[34mSELECT  "users".* FROM "users" WHERE "users"."id" = $1 LIMIT $2[0m  [["id", 1], ["LIMIT", 1]]
  ↳ app/controllers/users_controller.rb:25
Unpermitted parameter: :dog
  [1m[35m (0.3ms)[0m  [1m[35mBEGIN[0m
  ↳ app/controllers/users_controller.rb:26
  [1m[36mUser Update (0.4ms)[0m  [1m[33mUPDATE "users" SET "email" = $1, "updated_at" = $2 WHERE "users"."id" = $3[0m  [["email", "\"\""], ["updated_at", "2020-12-31 01:24:40.856924"], ["id", 1]]
  ↳ app/controllers/users_controller.rb:26
  [1m[35m (0.5ms)[0m  [1m[35mCOMMIT[0m
  ↳ app/controllers/users_controller.rb:26
Completed 200 OK in 6ms (Views: 0.4ms | ActiveRecord: 1.6ms)


Started PATCH "/users/1" for ::1 at 2020-12-30 17:24:49 -0800
Processing by UsersController#update as */*
  Parameters: {"user"=>{"age"=>"49", "dog"=>"fido"}, "id"=>"1"}
  [1m[36mUser Load (0.4ms)[0m  [1m[34mSELECT  "users".* FROM "users" WHERE "users"."id" = $1 LIMIT $2[0m  [["id", 1], ["LIMIT", 1]]
  ↳ app/controllers/users_controller.rb:25
Unpermitted parameter: :dog
  [1m[35m (0.2ms)[0m  [1m[35mBEGIN[0m
  ↳ app/controllers/users_controller.rb:26
  [1m[35m (0.2ms)[0m  [1m[35mCOMMIT[0m
  ↳ app/controllers/users_controller.rb:26
Completed 200 OK in 4ms (Views: 0.3ms | ActiveRecord: 0.8ms)


Started PATCH "/users/1" for ::1 at 2020-12-30 17:25:25 -0800
Processing by UsersController#update as */*
  Parameters: {"user"=>{"age"=>"49", "dog"=>"fido", "username"=>"hulk", "email"=>"greenman@aa.io"}, "id"=>"1"}
  [1m[36mUser Load (0.5ms)[0m  [1m[34mSELECT  "users".* FROM "users" WHERE "users"."id" = $1 LIMIT $2[0m  [["id", 1], ["LIMIT", 1]]
  ↳ app/controllers/users_controller.rb:25
Unpermitted parameter: :dog
  [1m[35m (0.2ms)[0m  [1m[35mBEGIN[0m
  ↳ app/controllers/users_controller.rb:26
  [1m[36mUser Update (0.8ms)[0m  [1m[33mUPDATE "users" SET "email" = $1, "updated_at" = $2 WHERE "users"."id" = $3[0m  [["email", "greenman@aa.io"], ["updated_at", "2020-12-31 01:25:25.600482"], ["id", 1]]
  ↳ app/controllers/users_controller.rb:26
  [1m[35m (0.8ms)[0m  [1m[35mCOMMIT[0m
  ↳ app/controllers/users_controller.rb:26
Completed 200 OK in 8ms (Views: 0.5ms | ActiveRecord: 2.3ms)


Started DELETE "/users/1" for ::1 at 2020-12-30 17:27:27 -0800
Processing by UsersController#destroy as */*
  Parameters: {"user"=>{"age"=>"49", "dog"=>"fido", "username"=>"hulk", "email"=>"greenman@aa.io"}, "id"=>"1"}
  [1m[36mUser Load (0.3ms)[0m  [1m[34mSELECT  "users".* FROM "users" WHERE "users"."id" = $1 LIMIT $2[0m  [["id", 1], ["LIMIT", 1]]
  ↳ app/controllers/users_controller.rb:34
  [1m[35m (0.2ms)[0m  [1m[35mBEGIN[0m
  ↳ app/controllers/users_controller.rb:35
  [1m[36mUser Destroy (0.4ms)[0m  [1m[31mDELETE FROM "users" WHERE "users"."id" = $1[0m  [["id", 1]]
  ↳ app/controllers/users_controller.rb:35
  [1m[35m (0.7ms)[0m  [1m[35mCOMMIT[0m
  ↳ app/controllers/users_controller.rb:35
Completed 200 OK in 21ms (Views: 0.1ms | ActiveRecord: 6.7ms)


Started GET "/users/1" for ::1 at 2020-12-30 17:27:36 -0800
Processing by UsersController#show as */*
  Parameters: {"user"=>{"age"=>"49", "dog"=>"fido", "username"=>"hulk", "email"=>"greenman@aa.io"}, "id"=>"1"}
  [1m[36mUser Load (0.3ms)[0m  [1m[34mSELECT  "users".* FROM "users" WHERE "users"."id" = $1 LIMIT $2[0m  [["id", 1], ["LIMIT", 1]]
  ↳ app/controllers/users_controller.rb:11
Completed 200 OK in 2ms (Views: 0.4ms | ActiveRecord: 0.3ms)


Started POST "/users" for ::1 at 2020-12-30 17:27:49 -0800
Processing by UsersController#create as */*
  Parameters: {"user"=>{"age"=>"49", "dog"=>"fido", "username"=>"hulk", "email"=>"greenman@aa.io"}}
Unpermitted parameter: :dog
  [1m[35m (0.2ms)[0m  [1m[35mBEGIN[0m
  ↳ app/controllers/users_controller.rb:17
  [1m[36mUser Create (0.7ms)[0m  [1m[32mINSERT INTO "users" ("age", "email", "username", "created_at", "updated_at") VALUES ($1, $2, $3, $4, $5) RETURNING "id"[0m  [["age", 49], ["email", "greenman@aa.io"], ["username", "hulk"], ["created_at", "2020-12-31 01:27:49.422619"], ["updated_at", "2020-12-31 01:27:49.422619"]]
  ↳ app/controllers/users_controller.rb:17
  [1m[35m (0.5ms)[0m  [1m[35mCOMMIT[0m
  ↳ app/controllers/users_controller.rb:17
Completed 200 OK in 6ms (Views: 0.4ms | ActiveRecord: 1.3ms)


Started GET "/users/2" for ::1 at 2020-12-30 17:27:57 -0800
Processing by UsersController#show as */*
  Parameters: {"user"=>{"age"=>"49", "dog"=>"fido", "username"=>"hulk", "email"=>"greenman@aa.io"}, "id"=>"2"}
  [1m[36mUser Load (0.3ms)[0m  [1m[34mSELECT  "users".* FROM "users" WHERE "users"."id" = $1 LIMIT $2[0m  [["id", 2], ["LIMIT", 1]]
  ↳ app/controllers/users_controller.rb:11
Completed 200 OK in 2ms (Views: 0.5ms | ActiveRecord: 0.3ms)


Started PATCH "/users/2" for ::1 at 2020-12-30 17:29:52 -0800
Processing by UsersController#update as */*
  Parameters: {"user"=>{"age"=>"49", "dog"=>"fido", "username"=>"hulkedout", "email"=>"greenman@aa.io"}, "id"=>"2"}
  [1m[36mUser Load (0.9ms)[0m  [1m[34mSELECT  "users".* FROM "users" WHERE "users"."id" = $1 LIMIT $2[0m  [["id", 2], ["LIMIT", 1]]
  ↳ app/controllers/users_controller.rb:25
Unpermitted parameter: :dog
  [1m[35m (0.3ms)[0m  [1m[35mBEGIN[0m
  ↳ app/controllers/users_controller.rb:26
  [1m[36mUser Update (0.7ms)[0m  [1m[33mUPDATE "users" SET "username" = $1, "updated_at" = $2 WHERE "users"."id" = $3[0m  [["username", "hulkedout"], ["updated_at", "2020-12-31 01:29:52.152186"], ["id", 2]]
  ↳ app/controllers/users_controller.rb:26
  [1m[35m (0.9ms)[0m  [1m[35mCOMMIT[0m
  ↳ app/controllers/users_controller.rb:26
Redirected to http://localhost:3000/users/2
Completed 302 Found in 24ms (ActiveRecord: 8.7ms)


Started GET "/users/2" for ::1 at 2020-12-30 17:29:52 -0800
Processing by UsersController#show as */*
  Parameters: {"id"=>"2"}
  [1m[36mUser Load (0.3ms)[0m  [1m[34mSELECT  "users".* FROM "users" WHERE "users"."id" = $1 LIMIT $2[0m  [["id", 2], ["LIMIT", 1]]
  ↳ app/controllers/users_controller.rb:11
Completed 200 OK in 2ms (Views: 0.5ms | ActiveRecord: 0.3ms)


  [1m[35m (0.4ms)[0m  [1m[34mSELECT pg_try_advisory_lock(8318052970089030315)[0m
  ↳ bin/rails:9
  [1m[35m (4.0ms)[0m  [1m[34mSELECT "schema_migrations"."version" FROM "schema_migrations" ORDER BY "schema_migrations"."version" ASC[0m
  ↳ bin/rails:9
Migrating to AddAuthColumnsToUsersTable (20210105011529)
  [1m[35m (0.2ms)[0m  [1m[35mBEGIN[0m
  ↳ bin/rails:9
  [1m[35m (0.1ms)[0m  [1m[31mROLLBACK[0m
  ↳ bin/rails:9
  [1m[35m (0.5ms)[0m  [1m[34mSELECT pg_advisory_unlock(8318052970089030315)[0m
  ↳ bin/rails:9
  [1m[36mUser Load (2.2ms)[0m  [1m[34mSELECT  "users".* FROM "users" LIMIT $1[0m  [["LIMIT", 11]]
  [1m[36mUser Load (0.5ms)[0m  [1m[34mSELECT "users".* FROM "users"[0m
  [1m[35m (0.2ms)[0m  [1m[35mBEGIN[0m
  [1m[36mUser Destroy (1.3ms)[0m  [1m[31mDELETE FROM "users" WHERE "users"."id" = $1[0m  [["id", 2]]
  [1m[35m (1.1ms)[0m  [1m[35mCOMMIT[0m
  [1m[35m (0.2ms)[0m  [1m[35mBEGIN[0m
  [1m[36mUser Destroy (0.5ms)[0m  [1m[31mDELETE FROM "users" WHERE "users"."id" = $1[0m  [["id", 3]]
  [1m[35m (0.4ms)[0m  [1m[35mCOMMIT[0m
  [1m[35m (0.3ms)[0m  [1m[34mSELECT pg_try_advisory_lock(8318052970089030315)[0m
  ↳ bin/rails:9
  [1m[35m (1.2ms)[0m  [1m[34mSELECT "schema_migrations"."version" FROM "schema_migrations" ORDER BY "schema_migrations"."version" ASC[0m
  ↳ bin/rails:9
Migrating to AddAuthColumnsToUsersTable (20210105011529)
  [1m[35m (0.2ms)[0m  [1m[35mBEGIN[0m
  ↳ bin/rails:9
  [1m[35m (0.1ms)[0m  [1m[31mROLLBACK[0m
  ↳ bin/rails:9
  [1m[35m (0.4ms)[0m  [1m[34mSELECT pg_advisory_unlock(8318052970089030315)[0m
  ↳ bin/rails:9
  [1m[35m (0.1ms)[0m  [1m[34mSELECT pg_try_advisory_lock(8318052970089030315)[0m
  ↳ bin/rails:9
  [1m[35m (1.2ms)[0m  [1m[34mSELECT "schema_migrations"."version" FROM "schema_migrations" ORDER BY "schema_migrations"."version" ASC[0m
  ↳ bin/rails:9
Migrating to AddAuthColumnsToUsersTable (20210105011529)
  [1m[35m (0.2ms)[0m  [1m[35mBEGIN[0m
  ↳ bin/rails:9
  [1m[35m (0.2ms)[0m  [1m[31mROLLBACK[0m
  ↳ bin/rails:9
  [1m[35m (0.7ms)[0m  [1m[34mSELECT pg_advisory_unlock(8318052970089030315)[0m
  ↳ bin/rails:9
  [1m[35m (0.3ms)[0m  [1m[34mSELECT pg_try_advisory_lock(8318052970089030315)[0m
  ↳ bin/rails:9
  [1m[35m (1.4ms)[0m  [1m[34mSELECT "schema_migrations"."version" FROM "schema_migrations" ORDER BY "schema_migrations"."version" ASC[0m
  ↳ bin/rails:9
Migrating to AddAuthColumnsToUsersTable (20210105011529)
  [1m[35m (0.2ms)[0m  [1m[35mBEGIN[0m
  ↳ bin/rails:9
  [1m[35m (5.0ms)[0m  [1m[35mALTER TABLE "users" ADD "password_digest" character varying NOT NULL[0m
  ↳ db/migrate/20210105011529_add_auth_columns_to_users_table.rb:3
  [1m[35m (0.6ms)[0m  [1m[35mALTER TABLE "users" ADD "session_token" character varying NOT NULL[0m
  ↳ db/migrate/20210105011529_add_auth_columns_to_users_table.rb:4
  [1m[35m (6.3ms)[0m  [1m[35mCREATE UNIQUE INDEX  "index_users_on_session_token" ON "users"  ("session_token")[0m
  ↳ db/migrate/20210105011529_add_auth_columns_to_users_table.rb:5
  [1m[36mActiveRecord::SchemaMigration Create (0.4ms)[0m  [1m[32mINSERT INTO "schema_migrations" ("version") VALUES ($1) RETURNING "version"[0m  [["version", "20210105011529"]]
  ↳ bin/rails:9
  [1m[35m (0.5ms)[0m  [1m[35mCOMMIT[0m
  ↳ bin/rails:9
  [1m[36mActiveRecord::InternalMetadata Load (1.2ms)[0m  [1m[34mSELECT  "ar_internal_metadata".* FROM "ar_internal_metadata" WHERE "ar_internal_metadata"."key" = $1 LIMIT $2[0m  [["key", "environment"], ["LIMIT", 1]]
  ↳ bin/rails:9
  [1m[35m (0.3ms)[0m  [1m[35mBEGIN[0m
  ↳ bin/rails:9
  [1m[35m (0.2ms)[0m  [1m[35mCOMMIT[0m
  ↳ bin/rails:9
  [1m[35m (0.4ms)[0m  [1m[34mSELECT pg_advisory_unlock(8318052970089030315)[0m
  ↳ bin/rails:9
  [1m[35m (0.4ms)[0m  [1m[34mSELECT "schema_migrations"."version" FROM "schema_migrations" ORDER BY "schema_migrations"."version" ASC[0m
  ↳ bin/rails:9
  [1m[35m (0.2ms)[0m  [1m[35mBEGIN[0m
  [1m[36mUser Exists (1.6ms)[0m  [1m[34mSELECT  1 AS one FROM "users" WHERE "users"."username" = $1 LIMIT $2[0m  [["username", "kingape"], ["LIMIT", 1]]
  [1m[36mUser Exists (0.4ms)[0m  [1m[34mSELECT  1 AS one FROM "users" WHERE "users"."session_token" IS NULL LIMIT $1[0m  [["LIMIT", 1]]
  [1m[35m (0.4ms)[0m  [1m[31mROLLBACK[0m
  [1m[35m (0.1ms)[0m  [1m[35mBEGIN[0m
  [1m[36mUser Exists (0.4ms)[0m  [1m[34mSELECT  1 AS one FROM "users" WHERE "users"."username" = $1 LIMIT $2[0m  [["username", "kingape"], ["LIMIT", 1]]
  [1m[36mUser Exists (0.6ms)[0m  [1m[34mSELECT  1 AS one FROM "users" WHERE "users"."session_token" = $1 LIMIT $2[0m  [["session_token", "LkYn5ynll0Z8tlmEsVk8Uw"], ["LIMIT", 1]]
  [1m[36mUser Create (4.3ms)[0m  [1m[32mINSERT INTO "users" ("email", "username", "created_at", "updated_at", "password_digest", "session_token") VALUES ($1, $2, $3, $4, $5, $6) RETURNING "id"[0m  [["email", "ka@aa.io"], ["username", "kingape"], ["created_at", "2021-01-05 01:47:03.647567"], ["updated_at", "2021-01-05 01:47:03.647567"], ["password_digest", "$2a$12$5S2r2tCxMHF/4T9UKyGPGemShH9cN.AxpO8axIbrWtWJR0VEKOG1y"], ["session_token", "LkYn5ynll0Z8tlmEsVk8Uw"]]
  [1m[35m (0.5ms)[0m  [1m[35mCOMMIT[0m
  [1m[36mUser Load (0.6ms)[0m  [1m[34mSELECT  "users".* FROM "users" WHERE "users"."username" = $1 LIMIT $2[0m  [["username", "kingape"], ["LIMIT", 1]]
  [1m[35m (0.2ms)[0m  [1m[35mBEGIN[0m
  [1m[36mUser Exists (0.5ms)[0m  [1m[34mSELECT  1 AS one FROM "users" WHERE "users"."username" = $1 AND "users"."id" != $2 LIMIT $3[0m  [["username", "kingape"], ["id", 4], ["LIMIT", 1]]
  [1m[36mUser Exists (0.3ms)[0m  [1m[34mSELECT  1 AS one FROM "users" WHERE "users"."session_token" = $1 AND "users"."id" != $2 LIMIT $3[0m  [["session_token", "CU27GgKK4ZsALU-WZIZvtg"], ["id", 4], ["LIMIT", 1]]
  [1m[35m (0.3ms)[0m  [1m[31mROLLBACK[0m
  [1m[36mUser Load (0.3ms)[0m  [1m[34mSELECT  "users".* FROM "users" WHERE "users"."username" = $1 LIMIT $2[0m  [["username", "kingape"], ["LIMIT", 1]]
  [1m[35m (0.2ms)[0m  [1m[35mBEGIN[0m
  [1m[36mUser Exists (0.5ms)[0m  [1m[34mSELECT  1 AS one FROM "users" WHERE "users"."username" = $1 AND "users"."id" != $2 LIMIT $3[0m  [["username", "kingape"], ["id", 4], ["LIMIT", 1]]
  [1m[36mUser Exists (0.4ms)[0m  [1m[34mSELECT  1 AS one FROM "users" WHERE "users"."session_token" = $1 AND "users"."id" != $2 LIMIT $3[0m  [["session_token", "eK4i9VvyCGGt_FSTBHMusw"], ["id", 4], ["LIMIT", 1]]
  [1m[36mUser Update (0.9ms)[0m  [1m[33mUPDATE "users" SET "session_token" = $1, "updated_at" = $2 WHERE "users"."id" = $3[0m  [["session_token", "eK4i9VvyCGGt_FSTBHMusw"], ["updated_at", "2021-01-05 01:50:58.766807"], ["id", 4]]
  [1m[35m (0.8ms)[0m  [1m[35mCOMMIT[0m
  [1m[35m (0.2ms)[0m  [1m[35mBEGIN[0m
  [1m[36mUser Exists (0.3ms)[0m  [1m[34mSELECT  1 AS one FROM "users" WHERE "users"."username" = $1 LIMIT $2[0m  [["username", "jen"], ["LIMIT", 1]]
  [1m[36mUser Exists (0.2ms)[0m  [1m[34mSELECT  1 AS one FROM "users" WHERE "users"."session_token" = $1 LIMIT $2[0m  [["session_token", "-4QP8ZL0Lbv44wmfVmyupg"], ["LIMIT", 1]]
  [1m[35m (0.2ms)[0m  [1m[31mROLLBACK[0m
